<?xml version="1.0" encoding="UTF-8"?>
<!-- Generated by org.testng.reporters.JUnitXMLReporter -->
<testsuite ignored="0" hostname="DESKTOP-UK9RHDJ" failures="0" tests="2" name="Default test" time="3.359" errors="0" timestamp="2021-10-21T16:21:30 EDT">
  <testcase classname="test.TestSeleniumForEveryonePage" name="testSeleniumForEveryoneSearchPageTitle" time="1.584"/>
  <testcase classname="test.TestSeleniumForEveryonePage" name="testSeleniumForEveryoneTitle" time="0.173"/>
</testsuite> <!-- Default test -->
