<?xml version="1.0" encoding="UTF-8"?>
<testng-results ignored="0" total="2" passed="2" failed="0" skipped="0">
  <reporter-output>
  </reporter-output>
  <suite started-at="2021-10-21T16:21:27 EDT" name="Default suite" finished-at="2021-10-21T16:21:30 EDT" duration-ms="3359">
    <groups>
    </groups>
    <test started-at="2021-10-21T16:21:27 EDT" name="Default test" finished-at="2021-10-21T16:21:30 EDT" duration-ms="3359">
      <class name="test.TestSeleniumForEveryonePage">
        <test-method is-config="true" signature="setUpTest()[pri:0, instance:test.TestSeleniumForEveryonePage@2fb3536e]" started-at="2021-10-21T16:21:27 EDT" name="setUpTest" finished-at="2021-10-21T16:21:29 EDT" duration-ms="1476" status="PASS">
          <reporter-output>
          </reporter-output>
        </test-method> <!-- setUpTest -->
        <test-method signature="testSeleniumForEveryoneSearchPageTitle()[pri:0, instance:test.TestSeleniumForEveryonePage@2fb3536e]" started-at="2021-10-21T16:21:29 EDT" name="testSeleniumForEveryoneSearchPageTitle" finished-at="2021-10-21T16:21:30 EDT" duration-ms="1584" status="PASS">
          <reporter-output>
          </reporter-output>
        </test-method> <!-- testSeleniumForEveryoneSearchPageTitle -->
        <test-method signature="testSeleniumForEveryoneTitle()[pri:0, instance:test.TestSeleniumForEveryonePage@2fb3536e]" started-at="2021-10-21T16:21:30 EDT" name="testSeleniumForEveryoneTitle" finished-at="2021-10-21T16:21:30 EDT" duration-ms="173" status="PASS">
          <reporter-output>
          </reporter-output>
        </test-method> <!-- testSeleniumForEveryoneTitle -->
        <test-method is-config="true" signature="tearDownTest()[pri:0, instance:test.TestSeleniumForEveryonePage@2fb3536e]" started-at="2021-10-21T16:21:30 EDT" name="tearDownTest" finished-at="2021-10-21T16:21:30 EDT" duration-ms="99" status="PASS">
          <reporter-output>
          </reporter-output>
        </test-method> <!-- tearDownTest -->
      </class> <!-- test.TestSeleniumForEveryonePage -->
    </test> <!-- Default test -->
  </suite> <!-- Default suite -->
</testng-results>
