<?xml version="1.0" encoding="UTF-8"?>
<testng-results ignored="0" total="1" passed="1" failed="0" skipped="0">
  <reporter-output>
  </reporter-output>
  <suite started-at="2021-10-21T09:37:14 EDT" name="Default suite" finished-at="2021-10-21T09:37:16 EDT" duration-ms="2403">
    <groups>
    </groups>
    <test started-at="2021-10-21T09:37:14 EDT" name="Default test" finished-at="2021-10-21T09:37:16 EDT" duration-ms="2403">
      <class name="test.TestSeleniumForEveryonePage">
        <test-method is-config="true" signature="setUpTest()[pri:0, instance:test.TestSeleniumForEveryonePage@20ccf40b]" started-at="2021-10-21T09:37:14 EDT" name="setUpTest" finished-at="2021-10-21T09:37:15 EDT" duration-ms="1674" status="PASS">
          <reporter-output>
          </reporter-output>
        </test-method> <!-- setUpTest -->
        <test-method signature="testSeleniumForEveryone()[pri:0, instance:test.TestSeleniumForEveryonePage@20ccf40b]" started-at="2021-10-21T09:37:15 EDT" name="testSeleniumForEveryone" finished-at="2021-10-21T09:37:16 EDT" duration-ms="540" status="PASS">
          <reporter-output>
          </reporter-output>
        </test-method> <!-- testSeleniumForEveryone -->
        <test-method is-config="true" signature="tearDownTest()[pri:0, instance:test.TestSeleniumForEveryonePage@20ccf40b]" started-at="2021-10-21T09:37:16 EDT" name="tearDownTest" finished-at="2021-10-21T09:37:16 EDT" duration-ms="161" status="PASS">
          <reporter-output>
          </reporter-output>
        </test-method> <!-- tearDownTest -->
      </class> <!-- test.TestSeleniumForEveryonePage -->
    </test> <!-- Default test -->
  </suite> <!-- Default suite -->
</testng-results>
